<?xml version="1.0" encoding="utf-8"?><testsuites name="pytest tests"><testsuite name="pytest" errors="0" failures="0" skipped="0" tests="3" time="96.935" timestamp="2026-05-25T23:35:26.877234+05:30" hostname="Satyaom"><testcase classname="tests.integration.test_demo_qa_healing_bdd" name="test_tc1_textbox_form_fill_and_submit" time="36.401" /><testcase classname="tests.integration.test_demo_qa_healing_bdd" name="test_tc2_checkbox_tree_expand_and_select_desktop__excel" time="37.936" /><testcase classname="tests.integration.test_demo_qa_healing_bdd" name="test_tc3_webtables_first_row_verification" time="22.461" /></testsuite></testsuites>