<?xml version="1.0" encoding="utf-8"?><testsuites name="pytest tests"><testsuite name="pytest" errors="0" failures="0" skipped="0" tests="3" time="67.439" timestamp="2026-05-24T23:02:25.992535+05:30" hostname="Satyaom"><testcase classname="tests.integration.test_demo_qa_healing_bdd" name="test_tc1_textbox_form_fill_and_submit" time="25.367" /><testcase classname="tests.integration.test_demo_qa_healing_bdd" name="test_tc2_checkbox_tree_expand_and_select_desktop__excel" time="27.256" /><testcase classname="tests.integration.test_demo_qa_healing_bdd" name="test_tc3_webtables_first_row_verification" time="14.759" /></testsuite></testsuites>