<?xml version="1.0" encoding="utf-8"?><testsuites name="pytest tests"><testsuite name="pytest" errors="0" failures="0" skipped="0" tests="3" time="68.025" timestamp="2026-03-18T08:44:27.076904+05:30" hostname="Satyaom"><testcase classname="tests.integration.test_demo_qa_healing_bdd" name="test_tc1_textbox_form_fill_and_submit" time="27.634" /><testcase classname="tests.integration.test_demo_qa_healing_bdd" name="test_tc2_checkbox_home_icon_select_and_message_verify" time="13.033" /><testcase classname="tests.integration.test_demo_qa_healing_bdd" name="test_tc3_webtables_first_row_verification" time="27.272" /></testsuite></testsuites>