<?xml version="1.0" encoding="utf-8"?><testsuites name="pytest tests"><testsuite name="pytest" errors="0" failures="0" skipped="0" tests="3" time="196.509" timestamp="2026-03-18T08:48:35.545962+05:30" hostname="Satyaom"><testcase classname="tests.integration.test_demo_qa_healing_selenium" name="test_selenium_text_box_form_fill_and_submit" time="134.708" /><testcase classname="tests.integration.test_demo_qa_healing_selenium" name="test_selenium_checkbox_and_webtable_healing" time="46.577" /><testcase classname="tests.integration.test_demo_qa_healing_selenium" name="test_selenium_raw_invalid_fallback_without_healer" time="15.120" /></testsuite></testsuites>