<?xml version="1.0" encoding="utf-8"?><testsuites name="pytest tests"><testsuite name="pytest" errors="0" failures="1" skipped="0" tests="3" time="176.499" timestamp="2026-03-18T07:08:27.050122+05:30" hostname="Satyaom"><testcase classname="tests.integration.test_demo_qa_healing_selenium" name="test_selenium_text_box_form_fill_and_submit" time="125.575" /><testcase classname="tests.integration.test_demo_qa_healing_selenium" name="test_selenium_checkbox_and_webtable_healing" time="40.524"><failure message="assert None is not None">runtime = AsyncRuntime(loop=&lt;ProactorEventLoop running=False closed=False debug=False&gt;)
selenium_driver = &lt;selenium.webdriver.chrome.webdriver.WebDriver (session="6b4eaabe57ac2efc2c1ab14b1e1dfc80")&gt;
selenium_healer = &lt;adapters.selenium_python.facade.SeleniumHealerFacade object at 0x0000020695AE74D0&gt;
integration_settings = IntegrationSettings(base_url='https://demo-qa-app.azurewebsites.net', playwright_browser='chromium', playwright_channe...t=True, screenshot_on_failure=True, screenshot_each_step=True, video_each_test=True, video_width=640, video_height=360)

    def test_selenium_checkbox_and_webtable_healing(
        runtime: AsyncRuntime,
        selenium_driver: Any,
        selenium_healer: SeleniumHealerFacade,
        integration_settings: IntegrationSettings,
    ) -&gt; None:
        selenium_driver.get(f"{integration_settings.base_url}/checkbox")
        _first(
            _recover(
                runtime,
                selenium_driver,
                selenium_healer,
                integration_settings,
                page_name="checkbox",
                element_name="home_checkbox_icon",
                field_type="checkbox",
                vars_map={"label": "Home", "text": "Home", "strict_single_match": "false", "target": "icon"},
            ).runtime_locator
        ).click()
        message = selenium_driver.find_element(By.CSS_SELECTOR, "#result").text.casefold()
        assert "you have selected" in message
        assert "home" in message
    
        selenium_driver.get(f"{integration_settings.base_url}/webtables")
        first_name = _recover(
            runtime,
            selenium_driver,
            selenium_healer,
            integration_settings,
            page_name="webtables",
            element_name="row1_first_name",
            field_type="text",
            vars_map={
                "text": "Cierra",
                "match_mode": "exact",
                "occurrence": "0",
                "allow_position": "true",
                "strict_single_match": "false",
            },
        )
        assert runtime.run(first_name.runtime_locator.count()) &gt; 0
    
        found_last_name = None
        for candidate in ("Veha", "Vega"):
            try:
                recovered = _recover(
                    runtime,
                    selenium_driver,
                    selenium_healer,
                    integration_settings,
                    page_name="webtables",
                    element_name=f"row1_last_name_{candidate.casefold()}",
                    field_type="text",
                    vars_map={
                        "text": candidate,
                        "match_mode": "exact",
                        "occurrence": "0",
                        "allow_position": "true",
                        "strict_single_match": "false",
                    },
                )
            except AssertionError:
                continue
            if runtime.run(recovered.runtime_locator.count()) &gt; 0:
                found_last_name = candidate
                break
    
&gt;       assert found_last_name is not None
E       assert None is not None

tests\integration\test_demo_qa_healing_selenium.py:314: AssertionError</failure></testcase><testcase classname="tests.integration.test_demo_qa_healing_selenium" name="test_selenium_raw_invalid_fallback_without_healer" time="9.671" /></testsuite></testsuites>